2024-10-22T20:17:52.553Z [req_0001] [32minfo[39m: Starting new agent invocation
2024-10-22T20:17:52.554Z [req_0001] [34mdebug[39m: Processed input query
{
  "query": "najnowsze statystyki about Sejm statistics?"
}
2024-10-22T20:17:52.555Z [req_0001] [32minfo[39m: Starting query analysis
{
  "query": "najnowsze statystyki about Sejm statistics?"
}
2024-10-22T20:17:52.555Z [req_0001] [34mdebug[39m: Analyzing relevance for tool: sejm_stats_analyzer
2024-10-22T20:17:52.556Z [req_0001] [34mdebug[39m: Generated analysis prompt
{
  "prompt": "You are an AI assistant that determines if a tool is needed to answer a question.\n      Answer only with YES or NO.\n      \n      Question: najnowsze statystyki about Sejm statistics?\n      \n      Tool Information:\n      Name: sejm_stats_analyzer\n      Description: Analyzes statistics and data about the Polish Sejm based on natural language questions\n      \n      Is this tool needed to answer the question?\n      Answer with either:\n      RELEVANT: YES\n      or\n      RELEVANT: NO\n      "
}
2024-10-22T20:17:53.169Z [req_0001] [34mdebug[39m: Tool sejm_stats_analyzer relevance analysis complete
{
  "isRelevant": true
}
2024-10-22T20:17:53.169Z [req_0001] [32minfo[39m: Query analysis complete. Found 1 relevant tools
{
  "relevantTools": [
    "sejm_stats_analyzer"
  ]
}
2024-10-22T20:17:53.170Z [req_0001] [32minfo[39m: Executing tool: sejm_stats_analyzer
2024-10-22T20:17:53.173Z [req_0001] [31merror[39m: Error executing tool sejm_stats_analyzer
{
  "error": {
    "output": "{}"
  }
}
2024-10-22T20:17:53.175Z [req_0001] [34mdebug[39m: Preparing final response
{
  "toolResults": "sejm_stats_analyzer: Error: Failed to execute tool sejm_stats_analyzer"
}
2024-10-22T20:17:53.175Z [req_0001] [34mdebug[39m: Starting response stream
{
  "prompt": "You are a helpful AI assistant. Using the information gathered from the tools, provide a clear and direct answer to the user's question.\n      Focus on being concise and informative based on the tool outputs provided.\n      \n      Question: najnowsze statystyki about Sejm statistics?\n      Tool Results: sejm_stats_analyzer: Error: Failed to execute tool sejm_stats_analyzer"
}
2024-10-22T20:17:54.026Z [req_0001] [34mdebug[39m: Response stream complete
{
  "totalLength": 102
}
2024-10-22T20:17:54.026Z [req_0001] [32minfo[39m: Agent invocation complete
